=====================Optimization Start=====================
Step:  20 RunTime: 7.391 Loss: 2.019 Acc: 0.310 DevAcc: 0.297
Step:  40 RunTime: 9.382 Loss: 1.813 Acc: 0.380 DevAcc: 0.412
Step:  60 RunTime: 8.499 Loss: 1.487 Acc: 0.500 DevAcc: 0.444
Step:  80 RunTime: 8.461 Loss: 1.352 Acc: 0.590 DevAcc: 0.480
Step: 100 RunTime: 8.217 Loss: 1.412 Acc: 0.460 DevAcc: 0.498
Step: 120 RunTime: 9.876 Loss: 1.455 Acc: 0.480 DevAcc: 0.508
Step: 140 RunTime: 7.481 Loss: 1.487 Acc: 0.490 DevAcc: 0.524
Step: 160 RunTime: 7.964 Loss: 1.388 Acc: 0.540 DevAcc: 0.529
Step: 180 RunTime: 8.501 Loss: 1.294 Acc: 0.550 DevAcc: 0.537
Step: 200 RunTime: 7.624 Loss: 1.199 Acc: 0.550 DevAcc: 0.553
Step: 220 RunTime: 7.618 Loss: 1.109 Acc: 0.600 DevAcc: 0.561
Step: 240 RunTime: 9.108 Loss: 1.126 Acc: 0.570 DevAcc: 0.551
Step: 260 RunTime: 8.372 Loss: 1.139 Acc: 0.610 DevAcc: 0.568
Step: 280 RunTime: 8.453 Loss: 1.186 Acc: 0.580 DevAcc: 0.575
Step: 300 RunTime: 9.354 Loss: 0.941 Acc: 0.650 DevAcc: 0.578
Step: 320 RunTime: 10.052 Loss: 1.193 Acc: 0.570 DevAcc: 0.574
Step: 340 RunTime: 6.886 Loss: 1.068 Acc: 0.630 DevAcc: 0.565
Step: 360 RunTime: 10.916 Loss: 1.076 Acc: 0.580 DevAcc: 0.572
Step: 380 RunTime: 8.862 Loss: 1.017 Acc: 0.660 DevAcc: 0.591
Step: 400 RunTime: 10.848 Loss: 0.981 Acc: 0.630 DevAcc: 0.584
Step: 420 RunTime: 9.455 Loss: 1.176 Acc: 0.650 DevAcc: 0.586
Step: 440 RunTime: 9.394 Loss: 0.942 Acc: 0.650 DevAcc: 0.583
Step: 460 RunTime: 8.633 Loss: 1.108 Acc: 0.670 DevAcc: 0.590
Step: 480 RunTime: 9.205 Loss: 1.057 Acc: 0.660 DevAcc: 0.587
Step: 500 RunTime: 9.250 Loss: 1.116 Acc: 0.610 DevAcc: 0.597
Step: 520 RunTime: 7.931 Loss: 1.116 Acc: 0.630 DevAcc: 0.596
Step: 540 RunTime: 9.612 Loss: 0.991 Acc: 0.670 DevAcc: 0.602
Step: 560 RunTime: 7.967 Loss: 0.877 Acc: 0.680 DevAcc: 0.599
Step: 580 RunTime: 8.813 Loss: 1.228 Acc: 0.520 DevAcc: 0.596
Step: 600 RunTime: 9.057 Loss: 1.014 Acc: 0.640 DevAcc: 0.588
Step: 620 RunTime: 9.467 Loss: 1.198 Acc: 0.560 DevAcc: 0.590
Step: 640 RunTime: 9.643 Loss: 1.136 Acc: 0.640 DevAcc: 0.606
Step: 660 RunTime: 9.525 Loss: 1.128 Acc: 0.570 DevAcc: 0.596
Step: 680 RunTime: 9.421 Loss: 0.999 Acc: 0.670 DevAcc: 0.601
Step: 700 RunTime: 8.595 Loss: 1.073 Acc: 0.610 DevAcc: 0.607
Step: 720 RunTime: 9.422 Loss: 1.266 Acc: 0.550 DevAcc: 0.606
Step: 740 RunTime: 11.691 Loss: 0.909 Acc: 0.680 DevAcc: 0.602
Step: 760 RunTime: 9.204 Loss: 1.116 Acc: 0.660 DevAcc: 0.609
Step: 780 RunTime: 9.011 Loss: 1.033 Acc: 0.680 DevAcc: 0.610
Step: 800 RunTime: 11.072 Loss: 1.062 Acc: 0.600 DevAcc: 0.601
Step: 820 RunTime: 8.215 Loss: 1.070 Acc: 0.660 DevAcc: 0.611
Step: 840 RunTime: 9.202 Loss: 1.091 Acc: 0.590 DevAcc: 0.603
Step: 860 RunTime: 9.583 Loss: 0.877 Acc: 0.700 DevAcc: 0.594
Step: 880 RunTime: 8.521 Loss: 1.266 Acc: 0.510 DevAcc: 0.605
Step: 900 RunTime: 8.793 Loss: 1.033 Acc: 0.690 DevAcc: 0.604
Step: 920 RunTime: 8.239 Loss: 0.866 Acc: 0.640 DevAcc: 0.612
Step: 940 RunTime: 8.334 Loss: 1.186 Acc: 0.560 DevAcc: 0.608
Step: 960 RunTime: 7.656 Loss: 0.839 Acc: 0.720 DevAcc: 0.615
Step: 980 RunTime: 9.585 Loss: 1.011 Acc: 0.650 DevAcc: 0.610
Step: 1000 RunTime: 9.695 Loss: 0.997 Acc: 0.620 DevAcc: 0.607
Step: 1020 RunTime: 8.397 Loss: 0.786 Acc: 0.770 DevAcc: 0.608
Step: 1040 RunTime: 8.449 Loss: 1.018 Acc: 0.650 DevAcc: 0.615
Step: 1060 RunTime: 9.273 Loss: 0.911 Acc: 0.700 DevAcc: 0.602
Step: 1080 RunTime: 9.194 Loss: 0.955 Acc: 0.680 DevAcc: 0.604
Step: 1100 RunTime: 8.896 Loss: 1.128 Acc: 0.640 DevAcc: 0.607
Step: 1120 RunTime: 8.888 Loss: 1.127 Acc: 0.580 DevAcc: 0.606
Step: 1140 RunTime: 8.140 Loss: 0.669 Acc: 0.760 DevAcc: 0.605
Step: 1160 RunTime: 10.154 Loss: 0.810 Acc: 0.750 DevAcc: 0.604
Step: 1180 RunTime: 9.057 Loss: 0.875 Acc: 0.670 DevAcc: 0.614
Step: 1200 RunTime: 9.222 Loss: 0.863 Acc: 0.700 DevAcc: 0.601
Step: 1220 RunTime: 10.115 Loss: 0.917 Acc: 0.620 DevAcc: 0.613
Step: 1240 RunTime: 8.021 Loss: 0.962 Acc: 0.710 DevAcc: 0.609
Step: 1260 RunTime: 9.403 Loss: 0.844 Acc: 0.710 DevAcc: 0.608
Step: 1280 RunTime: 10.374 Loss: 0.878 Acc: 0.730 DevAcc: 0.619
Step: 1300 RunTime: 8.798 Loss: 0.789 Acc: 0.700 DevAcc: 0.621
Step: 1320 RunTime: 9.467 Loss: 0.887 Acc: 0.690 DevAcc: 0.619
Step: 1340 RunTime: 8.925 Loss: 0.871 Acc: 0.690 DevAcc: 0.616
Step: 1360 RunTime: 9.668 Loss: 0.938 Acc: 0.630 DevAcc: 0.611
Step: 1380 RunTime: 9.614 Loss: 0.901 Acc: 0.630 DevAcc: 0.604
Step: 1400 RunTime: 9.605 Loss: 0.857 Acc: 0.710 DevAcc: 0.606
Step: 1420 RunTime: 9.237 Loss: 1.028 Acc: 0.630 DevAcc: 0.616
Step: 1440 RunTime: 8.877 Loss: 1.002 Acc: 0.660 DevAcc: 0.598
Step: 1460 RunTime: 9.445 Loss: 1.045 Acc: 0.650 DevAcc: 0.605
Step: 1480 RunTime: 9.437 Loss: 0.850 Acc: 0.710 DevAcc: 0.619
Step: 1500 RunTime: 9.556 Loss: 0.782 Acc: 0.710 DevAcc: 0.614
Step: 1520 RunTime: 9.907 Loss: 0.944 Acc: 0.690 DevAcc: 0.610
Step: 1540 RunTime: 8.824 Loss: 0.872 Acc: 0.690 DevAcc: 0.616
Step: 1560 RunTime: 9.238 Loss: 0.892 Acc: 0.650 DevAcc: 0.612
Step: 1580 RunTime: 9.074 Loss: 0.789 Acc: 0.750 DevAcc: 0.625
Step: 1600 RunTime: 9.372 Loss: 0.980 Acc: 0.610 DevAcc: 0.615
Step: 1620 RunTime: 9.752 Loss: 0.815 Acc: 0.690 DevAcc: 0.604
Step: 1640 RunTime: 13.016 Loss: 0.806 Acc: 0.680 DevAcc: 0.613
Step: 1660 RunTime: 9.165 Loss: 0.885 Acc: 0.690 DevAcc: 0.612
Step: 1680 RunTime: 9.717 Loss: 0.837 Acc: 0.690 DevAcc: 0.612
Step: 1700 RunTime: 9.178 Loss: 0.777 Acc: 0.750 DevAcc: 0.617
Step: 1720 RunTime: 9.584 Loss: 0.832 Acc: 0.760 DevAcc: 0.613
Step: 1740 RunTime: 9.998 Loss: 0.835 Acc: 0.740 DevAcc: 0.618
Step: 1760 RunTime: 7.908 Loss: 0.846 Acc: 0.670 DevAcc: 0.605
Step: 1780 RunTime: 9.649 Loss: 0.728 Acc: 0.690 DevAcc: 0.615
Step: 1800 RunTime: 8.958 Loss: 0.880 Acc: 0.720 DevAcc: 0.611
Step: 1820 RunTime: 8.242 Loss: 0.773 Acc: 0.730 DevAcc: 0.625
Step: 1840 RunTime: 9.119 Loss: 0.878 Acc: 0.700 DevAcc: 0.617
Step: 1860 RunTime: 10.023 Loss: 0.757 Acc: 0.720 DevAcc: 0.614
Step: 1880 RunTime: 9.146 Loss: 0.816 Acc: 0.710 DevAcc: 0.613
Step: 1900 RunTime: 9.358 Loss: 0.786 Acc: 0.730 DevAcc: 0.610
Step: 1920 RunTime: 8.911 Loss: 0.746 Acc: 0.760 DevAcc: 0.616
Step: 1940 RunTime: 8.060 Loss: 1.059 Acc: 0.670 DevAcc: 0.611
Step: 1960 RunTime: 8.848 Loss: 0.992 Acc: 0.670 DevAcc: 0.622
Step: 1980 RunTime: 9.648 Loss: 0.788 Acc: 0.730 DevAcc: 0.612
Step: 2000 RunTime: 9.358 Loss: 0.888 Acc: 0.690 DevAcc: 0.618
=====================Optimization Finish=====================
Step: 2000 RunTime: 2020.380 TestAcc:0.618
